[-13731759ms] [ERROR] Failed to load resource: the server responded with a status of 500 (Internal Server Error) @ http://localhost:8000/api/workspaces:0
[-13731757ms] [ERROR] Failed to load resource: the server responded with a status of 500 (Internal Server Error) @ http://localhost:8000/api/elements:0
[-13731737ms] [ERROR] Failed to load resource: the server responded with a status of 500 (Internal Server Error) @ http://localhost:8000/api:0
[-13731736ms] [ERROR] Failed to load resource: the server responded with a status of 500 (Internal Server Error) @ http://localhost:8000/api/auth/get-session:0
[-13731732ms] [ERROR] Failed to load resource: the server responded with a status of 500 (Internal Server Error) @ http://localhost:8000/api/elements:0
[-13731720ms] [ERROR] Failed to load resource: the server responded with a status of 500 (Internal Server Error) @ http://localhost:8000/api:0
[-13730752ms] [ERROR] Failed to load resource: the server responded with a status of 500 (Internal Server Error) @ http://localhost:8000/api/elements:0
[-13730733ms] [ERROR] Failed to load resource: the server responded with a status of 500 (Internal Server Error) @ http://localhost:8000/api:0
[-13582149ms] [ERROR] Failed to load resource: the server responded with a status of 500 (Internal Server Error) @ http://localhost:8000/api/elements:0
[-13582142ms] [ERROR] Failed to load resource: the server responded with a status of 500 (Internal Server Error) @ http://localhost:8000/api:0
[-13581143ms] [ERROR] Failed to load resource: the server responded with a status of 500 (Internal Server Error) @ http://localhost:8000/api/elements:0
[-13581136ms] [ERROR] Failed to load resource: the server responded with a status of 500 (Internal Server Error) @ http://localhost:8000/api:0
[-13383599ms] [ERROR] Failed to load resource: the server responded with a status of 500 (Internal Server Error) @ http://localhost:8000/api/elements:0
[-13383593ms] [ERROR] Failed to load resource: the server responded with a status of 500 (Internal Server Error) @ http://localhost:8000/api:0
[-13382594ms] [ERROR] Failed to load resource: the server responded with a status of 500 (Internal Server Error) @ http://localhost:8000/api/elements:0
[-13382587ms] [ERROR] Failed to load resource: the server responded with a status of 500 (Internal Server Error) @ http://localhost:8000/api:0
[-13372775ms] [ERROR] Failed to load resource: the server responded with a status of 500 (Internal Server Error) @ http://localhost:8000/api/elements:0
[-13372769ms] [ERROR] Failed to load resource: the server responded with a status of 500 (Internal Server Error) @ http://localhost:8000/api:0
[-13371770ms] [ERROR] Failed to load resource: the server responded with a status of 500 (Internal Server Error) @ http://localhost:8000/api/elements:0
[-13371762ms] [ERROR] Failed to load resource: the server responded with a status of 500 (Internal Server Error) @ http://localhost:8000/api:0
[-5932995ms] [ERROR] Failed to load resource: the server responded with a status of 500 (Internal Server Error) @ http://localhost:8000/api/elements:0
[-5932982ms] [ERROR] Failed to load resource: the server responded with a status of 500 (Internal Server Error) @ http://localhost:8000/api/auth/get-session:0
[-5932973ms] [ERROR] Failed to load resource: the server responded with a status of 500 (Internal Server Error) @ http://localhost:8000/api:0
[-5932967ms] [ERROR] Failed to load resource: the server responded with a status of 500 (Internal Server Error) @ http://localhost:8000/api/auth/get-session:0
[-5931989ms] [ERROR] Failed to load resource: the server responded with a status of 500 (Internal Server Error) @ http://localhost:8000/api/elements:0
[-5931967ms] [ERROR] Failed to load resource: the server responded with a status of 500 (Internal Server Error) @ http://localhost:8000/api:0
[-5923321ms] [ERROR] Failed to load resource: the server responded with a status of 500 (Internal Server Error) @ http://localhost:8000/api/elements:0
[-5923319ms] [ERROR] Failed to load resource: the server responded with a status of 500 (Internal Server Error) @ http://localhost:8000/api/auth/get-session:0
[-5923311ms] [ERROR] Failed to load resource: the server responded with a status of 500 (Internal Server Error) @ http://localhost:8000/api:0
[-5923306ms] [ERROR] Failed to load resource: the server responded with a status of 500 (Internal Server Error) @ http://localhost:8000/api/auth/get-session:0
[-5922316ms] [ERROR] Failed to load resource: the server responded with a status of 500 (Internal Server Error) @ http://localhost:8000/api/elements:0
[-5922307ms] [ERROR] Failed to load resource: the server responded with a status of 500 (Internal Server Error) @ http://localhost:8000/api:0
[-5911952ms] [ERROR] Failed to load resource: the server responded with a status of 500 (Internal Server Error) @ http://localhost:8000/api/elements:0
[-5911950ms] [ERROR] Failed to load resource: the server responded with a status of 500 (Internal Server Error) @ http://localhost:8000/api/auth/get-session:0
[-5911940ms] [ERROR] Failed to load resource: the server responded with a status of 500 (Internal Server Error) @ http://localhost:8000/api:0
[-5911935ms] [ERROR] Failed to load resource: the server responded with a status of 500 (Internal Server Error) @ http://localhost:8000/api/auth/get-session:0
[-5910947ms] [ERROR] Failed to load resource: the server responded with a status of 500 (Internal Server Error) @ http://localhost:8000/api/elements:0
[-5910935ms] [ERROR] Failed to load resource: the server responded with a status of 500 (Internal Server Error) @ http://localhost:8000/api:0
[-5902073ms] [ERROR] Failed to load resource: the server responded with a status of 500 (Internal Server Error) @ http://localhost:8000/api/elements:0
[-5902071ms] [ERROR] Failed to load resource: the server responded with a status of 500 (Internal Server Error) @ http://localhost:8000/api/auth/get-session:0
[-5902063ms] [ERROR] Failed to load resource: the server responded with a status of 500 (Internal Server Error) @ http://localhost:8000/api:0
[-5902058ms] [ERROR] Failed to load resource: the server responded with a status of 500 (Internal Server Error) @ http://localhost:8000/api/auth/get-session:0
[-5901068ms] [ERROR] Failed to load resource: the server responded with a status of 500 (Internal Server Error) @ http://localhost:8000/api/elements:0
[-5901057ms] [ERROR] Failed to load resource: the server responded with a status of 500 (Internal Server Error) @ http://localhost:8000/api:0
[-5893885ms] [ERROR] Failed to load resource: the server responded with a status of 500 (Internal Server Error) @ http://localhost:8000/api/elements:0
[-5893884ms] [ERROR] Failed to load resource: the server responded with a status of 500 (Internal Server Error) @ http://localhost:8000/api/auth/get-session:0
[-5893873ms] [ERROR] Failed to load resource: the server responded with a status of 500 (Internal Server Error) @ http://localhost:8000/api:0
[-5893869ms] [ERROR] Failed to load resource: the server responded with a status of 500 (Internal Server Error) @ http://localhost:8000/api/auth/get-session:0
[-5892881ms] [ERROR] Failed to load resource: the server responded with a status of 500 (Internal Server Error) @ http://localhost:8000/api/elements:0
[-5892869ms] [ERROR] Failed to load resource: the server responded with a status of 500 (Internal Server Error) @ http://localhost:8000/api:0
[-13731807ms] [INFO] %cDownload the React DevTools for a better development experience: https://react.dev/link/react-devtools font-weight:bold @ http://localhost:8000/_next/static/chunks/08c5_next_dist_09qnwt3._.js:2477
[-13731791ms] [LOG] [HMR] connected @ http://localhost:8000/_next/static/chunks/08c5_next_dist_09qnwt3._.js:2477
[-13582158ms] [LOG] [Fast Refresh] rebuilding @ http://localhost:8000/_next/static/chunks/08c5_next_dist_09qnwt3._.js:2477
[-13582109ms] [LOG] [Fast Refresh] done in 10ms @ http://localhost:8000/_next/static/chunks/08c5_next_dist_09qnwt3._.js:2477
[-13383607ms] [LOG] [Fast Refresh] rebuilding @ http://localhost:8000/_next/static/chunks/08c5_next_dist_09qnwt3._.js:2477
[-13383561ms] [LOG] [Fast Refresh] done in 55ms @ http://localhost:8000/_next/static/chunks/08c5_next_dist_09qnwt3._.js:2477
[-13372782ms] [LOG] [Fast Refresh] rebuilding @ http://localhost:8000/_next/static/chunks/08c5_next_dist_09qnwt3._.js:2477
[-13372737ms] [LOG] [Fast Refresh] done in 28ms @ http://localhost:8000/_next/static/chunks/08c5_next_dist_09qnwt3._.js:2477
[  356353ms] [LOG] [Fast Refresh] rebuilding @ http://localhost:8000/_next/static/chunks/08c5_next_dist_09qnwt3._.js:2477
[  357163ms] [LOG] [Fast Refresh] done in 910ms @ http://localhost:8000/_next/static/chunks/08c5_next_dist_09qnwt3._.js:2477
[  359994ms] [LOG] [Fast Refresh] rebuilding @ http://localhost:8000/_next/static/chunks/08c5_next_dist_09qnwt3._.js:2477
[  360396ms] [LOG] [Fast Refresh] done in 501ms @ http://localhost:8000/_next/static/chunks/08c5_next_dist_09qnwt3._.js:2477
[  363293ms] [LOG] [Fast Refresh] rebuilding @ http://localhost:8000/_next/static/chunks/08c5_next_dist_09qnwt3._.js:2477
[  363687ms] [LOG] [Fast Refresh] done in 494ms @ http://localhost:8000/_next/static/chunks/08c5_next_dist_09qnwt3._.js:2477
[  366714ms] [LOG] [Fast Refresh] rebuilding @ http://localhost:8000/_next/static/chunks/08c5_next_dist_09qnwt3._.js:2477
[  367138ms] [LOG] [Fast Refresh] done in 523ms @ http://localhost:8000/_next/static/chunks/08c5_next_dist_09qnwt3._.js:2477
[  649941ms] [LOG] [Fast Refresh] rebuilding @ http://localhost:8000/_next/static/chunks/08c5_next_dist_09qnwt3._.js:2477
[  650491ms] [LOG] [Fast Refresh] done in 651ms @ http://localhost:8000/_next/static/chunks/08c5_next_dist_09qnwt3._.js:2477
[ 4038980ms] [LOG] [Fast Refresh] rebuilding @ http://localhost:8000/_next/static/chunks/08c5_next_dist_09qnwt3._.js:2477
[ 4039002ms] [LOG] [Fast Refresh] done in 65ms @ http://localhost:8000/_next/static/chunks/08c5_next_dist_09qnwt3._.js:2477
