[     100ms] [INFO] %cDownload the React DevTools for a better development experience: https://react.dev/link/react-devtools font-weight:bold @ http://localhost:8000/_next/static/chunks/08c5_next_dist_09qnwt3._.js:2477
[     157ms] [LOG] [HMR] connected @ http://localhost:8000/_next/static/chunks/08c5_next_dist_09qnwt3._.js:2477
[    2921ms] [LOG] [Fast Refresh] rebuilding @ http://localhost:8000/_next/static/chunks/08c5_next_dist_09qnwt3._.js:2477
[    3731ms] [LOG] [Fast Refresh] done in 909ms @ http://localhost:8000/_next/static/chunks/08c5_next_dist_09qnwt3._.js:2477
[    3786ms] [INFO] %cDownload the React DevTools for a better development experience: https://react.dev/link/react-devtools font-weight:bold @ http://localhost:8000/_next/static/chunks/08c5_next_dist_09qnwt3._.js:2477
[    3802ms] [LOG] [HMR] connected @ http://localhost:8000/_next/static/chunks/08c5_next_dist_09qnwt3._.js:2477
[    3857ms] ReferenceError: useEffect is not defined
    at ElementsPageInner (http://localhost:8000/_next/static/chunks/_0geuaa-._.js:2249:5)
    at Object.react_stack_bottom_frame (http://localhost:8000/_next/static/chunks/08c5_next_dist_compiled_react-dom_0mwpc_t._.js:15037:24)
    at renderWithHooks (http://localhost:8000/_next/static/chunks/08c5_next_dist_compiled_react-dom_0mwpc_t._.js:4620:24)
    at updateFunctionComponent (http://localhost:8000/_next/static/chunks/08c5_next_dist_compiled_react-dom_0mwpc_t._.js:6081:21)
    at beginWork (http://localhost:8000/_next/static/chunks/08c5_next_dist_compiled_react-dom_0mwpc_t._.js:6691:24)
    at runWithFiberInDEV (http://localhost:8000/_next/static/chunks/08c5_next_dist_compiled_react-dom_0mwpc_t._.js:965:74)
    at performUnitOfWork (http://localhost:8000/_next/static/chunks/08c5_next_dist_compiled_react-dom_0mwpc_t._.js:9555:97)
    at workLoopSync (http://localhost:8000/_next/static/chunks/08c5_next_dist_compiled_react-dom_0mwpc_t._.js:9449:40)
    at renderRootSync (http://localhost:8000/_next/static/chunks/08c5_next_dist_compiled_react-dom_0mwpc_t._.js:9433:13)
    at performWorkOnRoot (http://localhost:8000/_next/static/chunks/08c5_next_dist_compiled_react-dom_0mwpc_t._.js:9098:47)
    at performWorkOnRootViaSchedulerTask (http://localhost:8000/_next/static/chunks/08c5_next_dist_compiled_react-dom_0mwpc_t._.js:10255:9)
    at MessagePort.performWorkUntilDeadline (http://localhost:8000/_next/static/chunks/08c5_next_dist_compiled_0bnypz9._.js:2647:64)
[    6563ms] [LOG] [Fast Refresh] rebuilding @ http://localhost:8000/_next/static/chunks/08c5_next_dist_09qnwt3._.js:2477
[    6964ms] [LOG] [Fast Refresh] done in 501ms @ http://localhost:8000/_next/static/chunks/08c5_next_dist_09qnwt3._.js:2477
[    7012ms] [INFO] %cDownload the React DevTools for a better development experience: https://react.dev/link/react-devtools font-weight:bold @ http://localhost:8000/_next/static/chunks/08c5_next_dist_09qnwt3._.js:2477
[    7030ms] [LOG] [HMR] connected @ http://localhost:8000/_next/static/chunks/08c5_next_dist_09qnwt3._.js:2477
[    9861ms] [LOG] [Fast Refresh] rebuilding @ http://localhost:8000/_next/static/chunks/08c5_next_dist_09qnwt3._.js:2477
[   10255ms] [LOG] [Fast Refresh] done in 494ms @ http://localhost:8000/_next/static/chunks/08c5_next_dist_09qnwt3._.js:2477
[   10304ms] [INFO] %cDownload the React DevTools for a better development experience: https://react.dev/link/react-devtools font-weight:bold @ http://localhost:8000/_next/static/chunks/08c5_next_dist_09qnwt3._.js:2477
[   10321ms] [LOG] [HMR] connected @ http://localhost:8000/_next/static/chunks/08c5_next_dist_09qnwt3._.js:2477
[   10553ms] Error: Hydration failed because the server rendered HTML didn't match the client. As a result this tree will be regenerated on the client. This can happen if a SSR-ed Client Component used:

- A server/client branch `if (typeof window !== 'undefined')`.
- Variable input such as `Date.now()` or `Math.random()` which changes each time it's called.
- Date formatting in a user's locale which doesn't match the server.
- External changing data without sending a snapshot of it along with the HTML.
- Invalid HTML tag nesting.

It can also happen if the client has a browser extension installed which messes with the HTML before React loaded.

https://react.dev/link/hydration-mismatch

  ...
    <ClientLayout>
      <QueryProvider>
        <QueryClientProvider client={{}}>
          <ThemeProvider>
            <J attribute="class" defaultTheme="system" enableSystem={true} disableTransitionOnChange={true}>
              <V attribute="class" defaultTheme="system" enableSystem={true} disableTransitionOnChange={true}>
                <script>
                <ThemeHotkey>
                <Nav>
                <Sidebar open={false} onClose={function onClose}>
                  <Suspense>
                    <SidebarInner open={false} onClose={function onClose}>
                      <aside className="fixed top-...">
                        <div>
+                       <div className="border-t border-border px-2 py-2">
                ...

    at throwOnHydrationMismatch (http://localhost:8000/_next/static/chunks/08c5_next_dist_compiled_react-dom_0mwpc_t._.js:3318:56)
    at beginWork (http://localhost:8000/_next/static/chunks/08c5_next_dist_compiled_react-dom_0mwpc_t._.js:6758:918)
    at runWithFiberInDEV (http://localhost:8000/_next/static/chunks/08c5_next_dist_compiled_react-dom_0mwpc_t._.js:965:74)
    at performUnitOfWork (http://localhost:8000/_next/static/chunks/08c5_next_dist_compiled_react-dom_0mwpc_t._.js:9555:97)
    at workLoopConcurrentByScheduler (http://localhost:8000/_next/static/chunks/08c5_next_dist_compiled_react-dom_0mwpc_t._.js:9551:58)
    at renderRootConcurrent (http://localhost:8000/_next/static/chunks/08c5_next_dist_compiled_react-dom_0mwpc_t._.js:9534:71)
    at performWorkOnRoot (http://localhost:8000/_next/static/chunks/08c5_next_dist_compiled_react-dom_0mwpc_t._.js:9061:150)
    at performWorkOnRootViaSchedulerTask (http://localhost:8000/_next/static/chunks/08c5_next_dist_compiled_react-dom_0mwpc_t._.js:10255:9)
    at MessagePort.performWorkUntilDeadline (http://localhost:8000/_next/static/chunks/08c5_next_dist_compiled_0bnypz9._.js:2647:64)
[   13282ms] [LOG] [Fast Refresh] rebuilding @ http://localhost:8000/_next/static/chunks/08c5_next_dist_09qnwt3._.js:2477
[   13706ms] [LOG] [Fast Refresh] done in 523ms @ http://localhost:8000/_next/static/chunks/08c5_next_dist_09qnwt3._.js:2477
[   13774ms] [INFO] %cDownload the React DevTools for a better development experience: https://react.dev/link/react-devtools font-weight:bold @ http://localhost:8000/_next/static/chunks/08c5_next_dist_09qnwt3._.js:2477
[   13791ms] [LOG] [HMR] connected @ http://localhost:8000/_next/static/chunks/08c5_next_dist_09qnwt3._.js:2477
